<?xml version="1.0" encoding="UTF-8"?>
<!-- Generated by org.testng.reporters.JUnitXMLReporter -->
<testsuite ignored="2" hostname="Nts-UjwalGai" failures="0" tests="10" name="Rest Assured Test" time="15.439" errors="0" timestamp="2024-07-08T16:38:41 IST">
  <testcase classname="com.restassured.api.tests.crud.CreateNewBooking" name="createBooking" time="4.044"/>
  <testcase classname="com.restassured.api.tests.integration.IntegrationTestCases" name="testCreateBookingIntoSystem" time="3.007"/>
  <testcase classname="com.restassured.api.tests.integration.IntegrationTestCases" name="testVerifyBookingInformationUsingId" time="1.598"/>
  <testcase classname="com.restassured.api.tests.integration.IntegrationTestCases" name="testUpdateBookingById" time="2.069"/>
  <testcase classname="com.restassured.api.tests.integration.IntegrationTestCases" name="testDeleteBookingById" time="2.557"/>
  <testcase classname="com.restassured.api.tests.integration.IntegrationTestCases" name="testDisplayDeletedBookingInformation" time="1.426"/>
  <testcase classname="com.restassured.api.tests.integration.IntegrationTestCaseTemplate" name="testCreateBooking" time="0.003"/>
  <testcase classname="com.restassured.api.tests.integration.IntegrationTestCaseTemplate" name="testVerifyBookingId" time="0.002"/>
  <testcase classname="com.restassured.api.tests.integration.IntegrationTestCaseTemplate" name="testUpdateBookingById" time="0.001"/>
  <testcase classname="com.restassured.api.tests.integration.IntegrationTestCaseTemplate" name="testDeletwBookingById" time="0.001"/>
  <testcase classname="com.restassured.api.base.BaseTest" name="@BeforeTest setupConfiguration" time="0.0">
    <ignored/>
  </testcase> <!-- @BeforeTest setupConfiguration -->
  <testcase classname="com.restassured.api.base.BaseTest" name="@BeforeTest setupConfiguration" time="0.0">
    <ignored/>
  </testcase> <!-- @BeforeTest setupConfiguration -->
</testsuite> <!-- Rest Assured Test -->
