<?xml version="1.0" encoding="UTF-8"?>
<!-- Generated by org.testng.reporters.JUnitXMLReporter -->
<testsuite ignored="2" hostname="Nts-UjwalGai" failures="0" tests="10" name="Rest Assured Test" time="18.767" errors="0" timestamp="2024-12-25T20:05:31 IST">
  <testcase classname="com.restassured.api.tests.crud.CreateNewBooking" name="createBooking" time="5.866"/>
  <testcase classname="com.restassured.api.tests.integration.IntegrationTestCases" name="testCreateBookingIntoSystem" time="4.254"/>
  <testcase classname="com.restassured.api.tests.integration.IntegrationTestCases" name="testVerifyBookingInformationUsingId" time="1.825"/>
  <testcase classname="com.restassured.api.tests.integration.IntegrationTestCases" name="testUpdateBookingById" time="2.251"/>
  <testcase classname="com.restassured.api.tests.integration.IntegrationTestCases" name="testDeleteBookingById" time="1.93"/>
  <testcase classname="com.restassured.api.tests.integration.IntegrationTestCases" name="testDisplayDeletedBookingInformation" time="1.934"/>
  <testcase classname="com.restassured.api.tests.integration.IntegrationTestCaseTemplate" name="testCreateBooking" time="0.003"/>
  <testcase classname="com.restassured.api.tests.integration.IntegrationTestCaseTemplate" name="testVerifyBookingId" time="0.002"/>
  <testcase classname="com.restassured.api.tests.integration.IntegrationTestCaseTemplate" name="testUpdateBookingById" time="0.002"/>
  <testcase classname="com.restassured.api.tests.integration.IntegrationTestCaseTemplate" name="testDeletwBookingById" time="0.002"/>
  <testcase classname="com.restassured.api.base.BaseTest" name="@BeforeTest setupConfiguration" time="0.0">
    <ignored/>
  </testcase> <!-- @BeforeTest setupConfiguration -->
  <testcase classname="com.restassured.api.base.BaseTest" name="@BeforeTest setupConfiguration" time="0.0">
    <ignored/>
  </testcase> <!-- @BeforeTest setupConfiguration -->
</testsuite> <!-- Rest Assured Test -->
