<?xml version="1.0" encoding="UTF-8"?>
<!-- Generated by org.testng.reporters.JUnitXMLReporter -->
<testsuite ignored="0" hostname="Nts-UjwalGai" failures="0" tests="5" name="Default test" time="10.769" errors="0" timestamp="2024-07-08T16:19:37 IST">
  <testcase classname="com.restassured.api.tests.integration.IntegrationTestCases" name="testCreateBookingIntoSystem" time="4.247"/>
  <testcase classname="com.restassured.api.tests.integration.IntegrationTestCases" name="testVerifyBookingInformationUsingId" time="1.314"/>
  <testcase classname="com.restassured.api.tests.integration.IntegrationTestCases" name="testUpdateBookingById" time="1.441"/>
  <testcase classname="com.restassured.api.tests.integration.IntegrationTestCases" name="testDeleteBookingById" time="1.399"/>
  <testcase classname="com.restassured.api.tests.integration.IntegrationTestCases" name="testDisplayDeletedBookingInformation" time="1.729"/>
</testsuite> <!-- Default test -->
