<?xml version="1.0" encoding="UTF-8"?>
<!-- Generated by org.testng.reporters.JUnitXMLReporter -->
<testsuite ignored="3" hostname="DESKTOP-Q3HHOE3" failures="0" tests="2" name="Default test" time="8.262" errors="0" timestamp="2025-01-05T20:51:03 IST">
  <testcase classname="com.restassured.api.tests.integration.IntegrationTestCases" name="testCreateBookingIntoSystem" time="5.2"/>
  <testcase classname="com.restassured.api.tests.integration.IntegrationTestCases" name="testVerifyBookingInformationUsingId" time="1.838"/>
  <testcase classname="com.restassured.api.tests.integration.IntegrationTestCases" name="testDeleteBookingById" time="0.0">
    <ignored/>
  </testcase> <!-- testDeleteBookingById -->
  <testcase classname="com.restassured.api.tests.integration.IntegrationTestCases" name="testDisplayDeletedBookingInformation" time="0.0">
    <ignored/>
  </testcase> <!-- testDisplayDeletedBookingInformation -->
  <testcase classname="com.restassured.api.tests.integration.IntegrationTestCases" name="testUpdateBookingById" time="0.0">
    <ignored/>
  </testcase> <!-- testUpdateBookingById -->
</testsuite> <!-- Default test -->
