<?xml version="1.0" encoding="UTF-8"?>
<!-- Generated by org.testng.reporters.JUnitXMLReporter -->
<testsuite ignored="0" hostname="Nts-UjwalGai" failures="1" tests="1" name="Test" time="2.516" errors="0" timestamp="2024-07-08T15:22:45 IST">
  <testcase classname="com.restassured.api.tests.crud.CreateNewBooking" name="createBooking" time="2.033">
    <failure type="java.lang.NullPointerException" message="Cannot invoke &amp;quot;com.restassured.api.module.DeserilizedResponse.bookingResponseDeserialized(String)&amp;quot; because &amp;quot;this.deserilizedResponse&amp;quot; is null">
      <![CDATA[java.lang.NullPointerException: Cannot invoke "com.restassured.api.module.DeserilizedResponse.bookingResponseDeserialized(String)" because "this.deserilizedResponse" is null
at com.restassured.api.tests.crud.CreateNewBooking.createBooking(CreateNewBooking.java:31)
at java.base/java.util.ArrayList.forEach(ArrayList.java:1511)
... Removed 27 stack frames]]>
    </failure>
  </testcase> <!-- createBooking -->
</testsuite> <!-- Test -->
