<?xml version="1.0" encoding="UTF-8"?>
<!-- Generated by org.testng.reporters.JUnitXMLReporter -->
<testsuite ignored="0" hostname="Nts-UjwalGai" failures="0" tests="4" name="Test" time="7.174" errors="0" timestamp="2024-07-08T13:37:36 IST">
  <testcase classname="com.restassured.api.tests.integration.IntegrationTestCases" name="testCreateBookingIntoSystem" time="3.881"/>
  <testcase classname="com.restassured.api.tests.integration.IntegrationTestCases" name="testVerifyBookingInformationUsingId" time="1.185"/>
  <testcase classname="com.restassured.api.tests.integration.IntegrationTestCases" name="testUpdateBookingById" time="1.462"/>
  <testcase classname="com.restassured.api.tests.integration.IntegrationTestCases" name="testDeleteBookingById" time="0.004"/>
</testsuite> <!-- Test -->
