<?xml version="1.0" encoding="UTF-8"?>
<testng-results ignored="0" total="10" passed="10" failed="0" skipped="0">
  <reporter-output>
  </reporter-output>
  <suite started-at="2024-12-25T20:05:12 IST" name="API Automation Suite" finished-at="2024-12-25T20:05:31 IST" duration-ms="18767">
    <groups>
      <group name="integration">
        <method signature="IntegrationTestCaseTemplate.testCreateBooking()[pri:0, instance:com.restassured.api.tests.integration.IntegrationTestCaseTemplate@43f82e78]" name="testCreateBooking" class="com.restassured.api.tests.integration.IntegrationTestCaseTemplate"/>
        <method signature="IntegrationTestCases.testCreateBookingIntoSystem(org.testng.ITestContext)[pri:0, instance:com.restassured.api.tests.integration.IntegrationTestCases@32f232a5]" name="testCreateBookingIntoSystem" class="com.restassured.api.tests.integration.IntegrationTestCases"/>
        <method signature="IntegrationTestCaseTemplate.testVerifyBookingId()[pri:1, instance:com.restassured.api.tests.integration.IntegrationTestCaseTemplate@43f82e78]" name="testVerifyBookingId" class="com.restassured.api.tests.integration.IntegrationTestCaseTemplate"/>
        <method signature="IntegrationTestCases.testVerifyBookingInformationUsingId(org.testng.ITestContext)[pri:1, instance:com.restassured.api.tests.integration.IntegrationTestCases@32f232a5]" name="testVerifyBookingInformationUsingId" class="com.restassured.api.tests.integration.IntegrationTestCases"/>
        <method signature="IntegrationTestCaseTemplate.testUpdateBookingById()[pri:2, instance:com.restassured.api.tests.integration.IntegrationTestCaseTemplate@43f82e78]" name="testUpdateBookingById" class="com.restassured.api.tests.integration.IntegrationTestCaseTemplate"/>
        <method signature="IntegrationTestCases.testUpdateBookingById(org.testng.ITestContext)[pri:2, instance:com.restassured.api.tests.integration.IntegrationTestCases@32f232a5]" name="testUpdateBookingById" class="com.restassured.api.tests.integration.IntegrationTestCases"/>
        <method signature="IntegrationTestCaseTemplate.testDeletwBookingById()[pri:3, instance:com.restassured.api.tests.integration.IntegrationTestCaseTemplate@43f82e78]" name="testDeletwBookingById" class="com.restassured.api.tests.integration.IntegrationTestCaseTemplate"/>
        <method signature="IntegrationTestCases.testDeleteBookingById(org.testng.ITestContext)[pri:3, instance:com.restassured.api.tests.integration.IntegrationTestCases@32f232a5]" name="testDeleteBookingById" class="com.restassured.api.tests.integration.IntegrationTestCases"/>
        <method signature="IntegrationTestCases.testDisplayDeletedBookingInformation(org.testng.ITestContext)[pri:4, instance:com.restassured.api.tests.integration.IntegrationTestCases@32f232a5]" name="testDisplayDeletedBookingInformation" class="com.restassured.api.tests.integration.IntegrationTestCases"/>
      </group> <!-- integration -->
    </groups>
    <test started-at="2024-12-25T20:05:12 IST" name="Rest Assured Test" finished-at="2024-12-25T20:05:31 IST" duration-ms="18767">
      <class name="com.restassured.api.tests.integration.IntegrationTestCaseTemplate">
        <test-method signature="testCreateBooking()[pri:0, instance:com.restassured.api.tests.integration.IntegrationTestCaseTemplate@43f82e78]" started-at="2024-12-25T20:05:31 IST" name="testCreateBooking" finished-at="2024-12-25T20:05:31 IST" duration-ms="3" status="PASS">
          <reporter-output>
          </reporter-output>
        </test-method> <!-- testCreateBooking -->
        <test-method signature="testVerifyBookingId()[pri:1, instance:com.restassured.api.tests.integration.IntegrationTestCaseTemplate@43f82e78]" started-at="2024-12-25T20:05:31 IST" name="testVerifyBookingId" finished-at="2024-12-25T20:05:31 IST" duration-ms="2" status="PASS">
          <reporter-output>
          </reporter-output>
        </test-method> <!-- testVerifyBookingId -->
        <test-method signature="testUpdateBookingById()[pri:2, instance:com.restassured.api.tests.integration.IntegrationTestCaseTemplate@43f82e78]" started-at="2024-12-25T20:05:31 IST" name="testUpdateBookingById" finished-at="2024-12-25T20:05:31 IST" duration-ms="2" status="PASS">
          <reporter-output>
          </reporter-output>
        </test-method> <!-- testUpdateBookingById -->
        <test-method signature="testDeletwBookingById()[pri:3, instance:com.restassured.api.tests.integration.IntegrationTestCaseTemplate@43f82e78]" started-at="2024-12-25T20:05:31 IST" name="testDeletwBookingById" finished-at="2024-12-25T20:05:31 IST" duration-ms="2" status="PASS">
          <reporter-output>
          </reporter-output>
        </test-method> <!-- testDeletwBookingById -->
      </class> <!-- com.restassured.api.tests.integration.IntegrationTestCaseTemplate -->
      <class name="com.restassured.api.tests.crud.CreateNewBooking">
        <test-method is-config="true" signature="setupConfiguration()[pri:0, instance:com.restassured.api.tests.crud.CreateNewBooking@63798ca7]" started-at="2024-12-25T20:05:12 IST" name="setupConfiguration" finished-at="2024-12-25T20:05:12 IST" duration-ms="524" status="PASS">
          <reporter-output>
          </reporter-output>
        </test-method> <!-- setupConfiguration -->
        <test-method signature="createBooking(org.testng.ITestContext)[pri:0, instance:com.restassured.api.tests.crud.CreateNewBooking@63798ca7]" started-at="2024-12-25T20:05:12 IST" name="createBooking" finished-at="2024-12-25T20:05:18 IST" duration-ms="5866" status="PASS">
          <params>
            <param index="0">
              <value>
                <![CDATA[org.testng.TestRunner@2116b68b]]>
              </value>
            </param>
          </params>
          <reporter-output>
          </reporter-output>
        </test-method> <!-- createBooking -->
      </class> <!-- com.restassured.api.tests.crud.CreateNewBooking -->
      <class name="com.restassured.api.tests.integration.IntegrationTestCases">
        <test-method signature="testCreateBookingIntoSystem(org.testng.ITestContext)[pri:0, instance:com.restassured.api.tests.integration.IntegrationTestCases@32f232a5]" started-at="2024-12-25T20:05:18 IST" name="testCreateBookingIntoSystem" finished-at="2024-12-25T20:05:23 IST" duration-ms="4254" status="PASS">
          <params>
            <param index="0">
              <value>
                <![CDATA[org.testng.TestRunner@2116b68b]]>
              </value>
            </param>
          </params>
          <reporter-output>
          </reporter-output>
        </test-method> <!-- testCreateBookingIntoSystem -->
        <test-method signature="testVerifyBookingInformationUsingId(org.testng.ITestContext)[pri:1, instance:com.restassured.api.tests.integration.IntegrationTestCases@32f232a5]" started-at="2024-12-25T20:05:23 IST" name="testVerifyBookingInformationUsingId" finished-at="2024-12-25T20:05:24 IST" duration-ms="1825" status="PASS">
          <params>
            <param index="0">
              <value>
                <![CDATA[org.testng.TestRunner@2116b68b]]>
              </value>
            </param>
          </params>
          <reporter-output>
          </reporter-output>
        </test-method> <!-- testVerifyBookingInformationUsingId -->
        <test-method signature="testUpdateBookingById(org.testng.ITestContext)[pri:2, instance:com.restassured.api.tests.integration.IntegrationTestCases@32f232a5]" started-at="2024-12-25T20:05:24 IST" name="testUpdateBookingById" finished-at="2024-12-25T20:05:27 IST" duration-ms="2251" status="PASS">
          <params>
            <param index="0">
              <value>
                <![CDATA[org.testng.TestRunner@2116b68b]]>
              </value>
            </param>
          </params>
          <reporter-output>
          </reporter-output>
        </test-method> <!-- testUpdateBookingById -->
        <test-method signature="testDeleteBookingById(org.testng.ITestContext)[pri:3, instance:com.restassured.api.tests.integration.IntegrationTestCases@32f232a5]" started-at="2024-12-25T20:05:27 IST" name="testDeleteBookingById" finished-at="2024-12-25T20:05:29 IST" duration-ms="1930" status="PASS">
          <params>
            <param index="0">
              <value>
                <![CDATA[org.testng.TestRunner@2116b68b]]>
              </value>
            </param>
          </params>
          <reporter-output>
          </reporter-output>
        </test-method> <!-- testDeleteBookingById -->
        <test-method signature="testDisplayDeletedBookingInformation(org.testng.ITestContext)[pri:4, instance:com.restassured.api.tests.integration.IntegrationTestCases@32f232a5]" started-at="2024-12-25T20:05:29 IST" name="testDisplayDeletedBookingInformation" finished-at="2024-12-25T20:05:31 IST" duration-ms="1934" status="PASS">
          <params>
            <param index="0">
              <value>
                <![CDATA[org.testng.TestRunner@2116b68b]]>
              </value>
            </param>
          </params>
          <reporter-output>
          </reporter-output>
        </test-method> <!-- testDisplayDeletedBookingInformation -->
      </class> <!-- com.restassured.api.tests.integration.IntegrationTestCases -->
    </test> <!-- Rest Assured Test -->
  </suite> <!-- API Automation Suite -->
</testng-results>
