<?xml version="1.0" encoding="UTF-8"?>
<testng-results ignored="0" total="1" passed="1" failed="0" skipped="0">
  <reporter-output>
  </reporter-output>
  <suite started-at="2024-07-04T19:32:46 IST" name="API Automation Suite" finished-at="2024-07-04T19:32:51 IST" duration-ms="4369">
    <groups>
    </groups>
    <test started-at="2024-07-04T19:32:46 IST" name="Api Rest Assured" finished-at="2024-07-04T19:32:51 IST" duration-ms="4369">
      <class name="com.restassured.api.tests.crud.CreateNewBooking">
        <test-method is-config="true" signature="setupConfiguration()[pri:0, instance:com.restassured.api.tests.crud.CreateNewBooking@4982cc36]" started-at="2024-07-04T19:32:46 IST" name="setupConfiguration" finished-at="2024-07-04T19:32:47 IST" duration-ms="476" status="PASS">
          <reporter-output>
          </reporter-output>
        </test-method> <!-- setupConfiguration -->
        <test-method signature="createBooking()[pri:0, instance:com.restassured.api.tests.crud.CreateNewBooking@4982cc36]" started-at="2024-07-04T19:32:47 IST" name="createBooking" finished-at="2024-07-04T19:32:51 IST" duration-ms="3802" status="PASS">
          <reporter-output>
          </reporter-output>
        </test-method> <!-- createBooking -->
      </class> <!-- com.restassured.api.tests.crud.CreateNewBooking -->
    </test> <!-- Api Rest Assured -->
  </suite> <!-- API Automation Suite -->
</testng-results>
